pipeline "images_resized" finished with SUCCESS; time elapsed=1465.8087s
pipeline "descriptor_rgb" finished with SUCCESS; time elapsed=7.3816s
pipeline "descriptor_hsv" finished with SUCCESS; time elapsed=7.3804s
pipeline "descriptor_blue" finished with SUCCESS; time elapsed=5.716s
pipeline "descriptor_green" finished with SUCCESS; time elapsed=5.3223s
pipeline "descriptor_red" finished with SUCCESS; time elapsed=5.3472s
pipeline "descriptor_rgb" finished with SUCCESS; time elapsed=7.4436s
pipeline "descriptor_h" finished with SUCCESS; time elapsed=5.2867s
pipeline "descriptor_s" finished with SUCCESS; time elapsed=6.1152s
pipeline "descriptor_v" finished with SUCCESS; time elapsed=6.0358s
pipeline "descriptor_hsv" finished with SUCCESS; time elapsed=7.5077s
pipeline "descriptor_lbp" finished with SUCCESS; time elapsed=3.5042s
pipeline "descriptor_hu" finished with SUCCESS; time elapsed=3.7412s
pipeline "descriptor_gabor" finished with SUCCESS; time elapsed=13.1774s
pipeline "descriptor_hog" finished with SUCCESS; time elapsed=240.7493s
pipeline "combination_rgb+hsv" finished with SUCCESS; time elapsed=12.5377s
pipeline "combination_rgb+hsv+lbp" finished with SUCCESS; time elapsed=14.7642s
pipeline "combination_rgb+hsv+hu" finished with SUCCESS; time elapsed=13.4503s
pipeline "combination_rgb+hsv+hog" finished with SUCCESS; time elapsed=245.6915s
pipeline "combination_rgb+hsv+lbp+hu" finished with SUCCESS; time elapsed=12.6013s
pipeline "combination_rgb+hsv+lbp+hog" finished with SUCCESS; time elapsed=253.3286s
pipeline "combination_rgb+hsv+hu+hog" finished with SUCCESS; time elapsed=244.775s
pipeline "combination_rgb+hsv+lbp+hu+hog" finished with SUCCESS; time elapsed=261.5154s
pipeline "combination_rgb+lbp" finished with SUCCESS; time elapsed=8.2594s
pipeline "combination_rgb+hu" finished with SUCCESS; time elapsed=7.4773s
pipeline "combination_rgb+hog" finished with SUCCESS; time elapsed=246.5556s
pipeline "combination_rgb+lbp+hu" finished with SUCCESS; time elapsed=7.7914s
pipeline "combination_rgb+lbp+hog" finished with SUCCESS; time elapsed=236.6597s
pipeline "combination_rgb+hu+hog" finished with SUCCESS; time elapsed=244.9448s
pipeline "combination_rgb+lbp+hu+hog" finished with SUCCESS; time elapsed=252.1122s
pipeline "combination_hsv+lbp" finished with SUCCESS; time elapsed=7.8759s
pipeline "combination_hsv+hu" finished with SUCCESS; time elapsed=7.5362s
pipeline "combination_hsv+hog" finished with SUCCESS; time elapsed=241.07s
pipeline "combination_hsv+lbp+hu" finished with SUCCESS; time elapsed=7.415s
pipeline "combination_hsv+lbp+hog" finished with SUCCESS; time elapsed=247.955s
pipeline "combination_hsv+hu+hog" finished with SUCCESS; time elapsed=242.2823s
pipeline "combination_hsv+lbp+hu+hog" finished with SUCCESS; time elapsed=248.3723s
