pipeline "descriptor_blue" finished with SUCCESS; time elapsed=21.2833s
pipeline "descriptor_green" finished with SUCCESS; time elapsed=6.3764s
pipeline "descriptor_red" finished with SUCCESS; time elapsed=6.2173s
pipeline "descriptor_rgb" finished with SUCCESS; time elapsed=9.9266s
pipeline "descriptor_h" finished with SUCCESS; time elapsed=5.4488s
pipeline "descriptor_s" finished with SUCCESS; time elapsed=6.5995s
pipeline "descriptor_v" finished with SUCCESS; time elapsed=6.07s
pipeline "descriptor_hsv" finished with SUCCESS; time elapsed=9.0712s
pipeline "descriptor_lbp" finished with SUCCESS; time elapsed=3.86s
pipeline "descriptor_hu" finished with SUCCESS; time elapsed=4.1363s
pipeline "descriptor_gabor" finished with SUCCESS; time elapsed=16.372s
pipeline "descriptor_hog" finished with SUCCESS; time elapsed=481.2296s
pipeline "combination_rgb+hsv" finished with SUCCESS; time elapsed=42.4443s
pipeline "combination_rgb+hsv+lbp" finished with SUCCESS; time elapsed=20.7051s
pipeline "combination_rgb+hsv+hu" finished with SUCCESS; time elapsed=21.1527s
pipeline "combination_rgb+hsv+hog" finished with SUCCESS; time elapsed=498.5711s
pipeline "combination_rgb+hsv+lbp+hu" finished with SUCCESS; time elapsed=38.4449s
pipeline "combination_rgb+hsv+lbp+hog" finished with SUCCESS; time elapsed=504.8565s
pipeline "combination_rgb+hsv+hu+hog" finished with SUCCESS; time elapsed=469.7611s
pipeline "combination_rgb+hsv+lbp+hu+hog" finished with SUCCESS; time elapsed=557.4516s
pipeline "combination_rgb+lbp" finished with SUCCESS; time elapsed=24.0216s
pipeline "combination_rgb+hu" finished with SUCCESS; time elapsed=12.3908s
pipeline "combination_rgb+hog" finished with SUCCESS; time elapsed=523.1228s
pipeline "combination_rgb+lbp+hu" finished with SUCCESS; time elapsed=28.2949s
pipeline "combination_rgb+lbp+hog" finished with SUCCESS; time elapsed=526.7421s
pipeline "combination_rgb+hu+hog" finished with SUCCESS; time elapsed=575.5792s
pipeline "combination_rgb+lbp+hu+hog" finished with SUCCESS; time elapsed=563.3342s
pipeline "combination_hsv+lbp" finished with SUCCESS; time elapsed=30.0803s
pipeline "combination_hsv+hu" finished with SUCCESS; time elapsed=12.7518s
pipeline "combination_hsv+hog" finished with SUCCESS; time elapsed=510.5592s
pipeline "combination_hsv+lbp+hu" finished with SUCCESS; time elapsed=36.6703s
pipeline "combination_hsv+lbp+hog" finished with SUCCESS; time elapsed=488.9366s
pipeline "combination_hsv+hu+hog" finished with SUCCESS; time elapsed=508.9546s
pipeline "combination_hsv+lbp+hu+hog" finished with SUCCESS; time elapsed=511.8299s
pipeline (ensembles) "descriptor_hsv" finished with SUCCESS; time elapsed=451.378s
pipeline (ensembles) "combination_rgb+hsv" finished with SUCCESS; time elapsed=904.1473s
pipeline (ensembles) "combination_rgb+hsv+lbp" finished with SUCCESS; time elapsed=892.1518s
pipeline (ensembles) "combination_rgb+hsv+hu" finished with SUCCESS; time elapsed=981.0042s
pipeline (ensembles) "combination_rgb+hsv+lbp+hu" finished with SUCCESS; time elapsed=891.2233s
pipeline (ensembles) "combination_rgb+lbp" finished with SUCCESS; time elapsed=474.7128s
pipeline (ensembles) "combination_rgb+hu" finished with SUCCESS; time elapsed=492.8664s
